<?xml version="1.0" encoding="UTF-8"?>
<!-- Generated by org.testng.reporters.JUnitReportReporter -->
<testsuite hostname="uftuser-PC" name="com.acttime.projecttest.ProjectTest" tests="1" failures="0" timestamp="17 Jul 2018 03:51:32 GMT" time="0.001" errors="0">
  <testcase name="createProjectTest" time="0.001" classname="com.acttime.projecttest.ProjectTest"/>
</testsuite> <!-- com.acttime.projecttest.ProjectTest -->
