<?xml version="1.0" encoding="UTF-8"?>
<!-- Generated by org.testng.reporters.JUnitReportReporter -->
<testsuite hostname="uftuser-PC" name="com.acttime.usertest.USerTest" tests="1" failures="0" timestamp="23 Jul 2018 03:09:51 GMT" time="6.261" errors="0">
  <testcase name="createUSerTest" time="6.261" classname="com.acttime.usertest.USerTest"/>
</testsuite> <!-- com.acttime.usertest.USerTest -->
