<?xml version="1.0" encoding="UTF-8"?>
<!-- Generated by org.testng.reporters.JUnitReportReporter -->
<testsuite hostname="uftuser-PC" name="pac1.CustomerTest" tests="3" failures="0" timestamp="16 Jul 2018 03:40:31 GMT" time="0.012" errors="0">
  <testcase name="createCustomerTest" time="0.004" classname="pac1.CustomerTest"/>
  <testcase name="deleteCustomerTest" time="0.002" classname="pac1.CustomerTest"/>
  <testcase name="modifyCustomerTest" time="0.006" classname="pac1.CustomerTest"/>
</testsuite> <!-- pac1.CustomerTest -->
